Unity Editor version:    2020.3.20f1 (41c4e627c95f)
Branch:                  2020.3/staging
Build type:              Release
Batch mode:              YES
macOS version:           Version 10.15.7 (Build 19H1519)
Darwin version:          19.6.0
Architecture:            x86_64
Running under Rosetta:   NO
Available memory:        8192 MB
Using pre-set license
Pro License: NO

COMMAND LINE ARGUMENTS:
/Applications/Unity/Hub/Editor/2020.3.20f1/Unity.app/Contents/MacOS/Unity
-adb2
-batchMode
-noUpm
-name
AssetImportWorker0
-projectPath
/Users/Anuj/Projects/Tiles/Tiles
-logFile
Logs/AssetImportWorker0.log
-srvPort
49819
Successfully changed project path to: /Users/Anuj/Projects/Tiles/Tiles
/Users/Anuj/Projects/Tiles/Tiles
Using Asset Import Pipeline V2.
Refreshing native plugins compatible for Editor in 181.17 ms, found 2 plugins.
Preloading 0 native plugins for Editor in 0.00 ms.
Initialize engine version: 2020.3.20f1 (41c4e627c95f)
[Subsystems] Discovering subsystems at path /Applications/Unity/Hub/Editor/2020.3.20f1/Unity.app/Contents/Resources/UnitySubsystems
[Subsystems] Discovering subsystems at path /Users/Anuj/Projects/Tiles/Tiles/Assets
GfxDevice: creating device client; threaded=0
2021-12-28 22:32:00.052 Unity[1873:43111] Color LCD preferred device: Intel(R) Iris(TM) Plus Graphics 650 (low power)
2021-12-28 22:32:00.052 Unity[1873:43111] Metal devices available: 1
2021-12-28 22:32:00.052 Unity[1873:43111] 0: Intel(R) Iris(TM) Plus Graphics 650 (low power)
2021-12-28 22:32:00.052 Unity[1873:43111] Using device Intel(R) Iris(TM) Plus Graphics 650 (low power)
Initializing Metal device caps: Intel(R) Iris(TM) Plus Graphics 650
Initialize mono
Mono path[0] = '/Applications/Unity/Hub/Editor/2020.3.20f1/Unity.app/Contents/Managed'
Mono path[1] = '/Applications/Unity/Hub/Editor/2020.3.20f1/Unity.app/Contents/MonoBleedingEdge/lib/mono/unityjit'
Mono config path = '/Applications/Unity/Hub/Editor/2020.3.20f1/Unity.app/Contents/MonoBleedingEdge/etc'
Using monoOptions --debugger-agent=transport=dt_socket,embedding=1,server=y,suspend=n,address=127.0.0.1:56873
Begin MonoManager ReloadAssembly
Registering precompiled unity dll's ...
Register platform support module: /Applications/Unity/Hub/Editor/2020.3.20f1/Unity.app/Contents/PlaybackEngines/MacStandaloneSupport/UnityEditor.OSXStandalone.Extensions.dll
Registered in 0.002735 seconds.
Native extension for OSXStandalone target not found
Refreshing native plugins compatible for Editor in 39.46 ms, found 2 plugins.
Preloading 0 native plugins for Editor in 0.00 ms.
Mono: successfully reloaded assembly
- Completed reload, in  3.083 seconds
Domain Reload Profiling:
	ReloadAssembly (3083ms)
		BeginReloadAssembly (72ms)
			ExecutionOrderSort (0ms)
			DisableScriptedObjects (0ms)
			BackupInstance (0ms)
			ReleaseScriptingObjects (0ms)
			CreateAndSetChildDomain (1ms)
		EndReloadAssembly (600ms)
			LoadAssemblies (79ms)
			RebuildTransferFunctionScriptingTraits (0ms)
			SetupTypeCache (233ms)
			ReleaseScriptCaches (0ms)
			RebuildScriptCaches (49ms)
			SetupLoadedEditorAssemblies (244ms)
				LogAssemblyErrors (0ms)
				InitializePlatformSupportModulesInManaged (5ms)
				SetLoadedEditorAssemblies (0ms)
				RefreshPlugins (40ms)
				BeforeProcessingInitializeOnLoad (37ms)
				ProcessInitializeOnLoadAttributes (122ms)
				ProcessInitializeOnLoadMethodAttributes (40ms)
				AfterProcessingInitializeOnLoad (0ms)
				EditorAssembliesLoaded (0ms)
			ExecutionOrderSort2 (0ms)
			AwakeInstancesAfterBackupRestoration (0ms)
Platform modules already initialized, skipping
Registering precompiled user dll's ...
Registered in 0.006752 seconds.
Begin MonoManager ReloadAssembly
Native extension for OSXStandalone target not found
Refreshing native plugins compatible for Editor in 38.43 ms, found 2 plugins.
Preloading 0 native plugins for Editor in 0.00 ms.
Mono: successfully reloaded assembly
- Completed reload, in  1.714 seconds
Domain Reload Profiling:
	ReloadAssembly (1716ms)
		BeginReloadAssembly (203ms)
			ExecutionOrderSort (0ms)
			DisableScriptedObjects (6ms)
			BackupInstance (0ms)
			ReleaseScriptingObjects (0ms)
			CreateAndSetChildDomain (43ms)
		EndReloadAssembly (1427ms)
			LoadAssemblies (257ms)
			RebuildTransferFunctionScriptingTraits (0ms)
			SetupTypeCache (469ms)
			ReleaseScriptCaches (1ms)
			RebuildScriptCaches (71ms)
			SetupLoadedEditorAssemblies (463ms)
				LogAssemblyErrors (0ms)
				InitializePlatformSupportModulesInManaged (5ms)
				SetLoadedEditorAssemblies (0ms)
				RefreshPlugins (38ms)
				BeforeProcessingInitializeOnLoad (80ms)
				ProcessInitializeOnLoadAttributes (323ms)
				ProcessInitializeOnLoadMethodAttributes (15ms)
				AfterProcessingInitializeOnLoad (2ms)
				EditorAssembliesLoaded (0ms)
			ExecutionOrderSort2 (0ms)
			AwakeInstancesAfterBackupRestoration (11ms)
Platform modules already initialized, skipping
Validating Project structure ... 0.003232 seconds.
Shader import version has changed; will reimport all shaders...
Upgrading shader files ...0.003233 seconds.
Application.AssetDatabase Initial Script Refresh Start
RefreshInfo: InitialScriptRefreshV2(NoUpdateAssetOptions) scanfilter:  ... 1 filters
RefreshProfiler: Total: 0.000ms
Application.AssetDatabase Initial Script Refresh End
Application.AssetDatabase.Refresh Start
Application.AssetDatabase.Refresh End
RefreshInfo: StopAssetImportingV2(ForceSynchronousImport) scanfilter: 
RefreshProfiler: Total: 0.000ms
Launching external process: /Applications/Unity/Hub/Editor/2020.3.20f1/Unity.app/Contents/Tools/UnityShaderCompiler
Launched and connected shader compiler UnityShaderCompiler after 0.03 seconds
Initializing Unity extensions:
========================================================================
Worker process is ready to serve import requests
Refreshing native plugins compatible for Editor in 0.47 ms, found 2 plugins.
Preloading 0 native plugins for Editor in 0.00 ms.
Unloading 1796 Unused Serialized files (Serialized files now loaded: 0)
System memory in use before: 180.3 MB.
System memory in use after: 179.5 MB.

Unloading 99 unused Assets to reduce memory usage. Loaded Objects now: 2280.
Total: 4.106787 ms (FindLiveObjects: 0.252562 ms CreateObjectMapping: 0.067807 ms MarkObjects: 3.233512 ms  DeleteObjects: 0.551785 ms)

AssetImportParameters requested are different than current active one (requested -> active):
  custom:video-decoder-ogg-theora: a1e56fd34408186e4bbccfd4996cb3dc -> 
  custom:container-muxer-webm: aa71ff27fc2769a1b78a27578f13a17b -> 
  custom:container-demuxer-webm: 4f35f7cbe854078d1ac9338744f61a02 -> 
  custom:container-demuxer-ogg: 62fdf1f143b41e24485cea50d1cbac27 -> 
  custom:video-encoder-webm-vp8: eb34c28f22e8b96e1ab97ce403110664 -> 
  custom:framework-osx-AVFoundation: b23960f63f64bdc6ff669e2cdcee2391 -> 
  custom:video-decoder-webm-vp8: 9c59270c3fd7afecdb556c50c9e8de78 -> 
  custom:audio-decoder-ogg-vorbis: bf7c407c2cedff20999df2af8eb42d56 -> 
  custom:audio-encoder-webm-vorbis: bf7c407c2cedff20999df2af8eb42d56 -> 
========================================================================
Received Import Request.
  path: Assets/Scripts/PlayerMovement.cs
  artifactKey: Guid(941e1fd32c00b4c55ba2e62a5d0d573e) Importer(815301076,1909f56bfc062723c751e8b465ee728b)
Start importing Assets/Scripts/PlayerMovement.cs using Guid(941e1fd32c00b4c55ba2e62a5d0d573e) Importer(815301076,1909f56bfc062723c751e8b465ee728b)  -> (artifact id: 'c310be8472d27054e97219f70c9b1a22') in 0.875905 seconds 
  Import took 0.882047 seconds .

========================================================================
Received Prepare
Refreshing native plugins compatible for Editor in 2.48 ms, found 2 plugins.
Preloading 0 native plugins for Editor in 0.00 ms.
Unloading 9 Unused Serialized files (Serialized files now loaded: 0)
System memory in use before: 147.7 MB.
System memory in use after: 147.8 MB.

Unloading 9 unused Assets to reduce memory usage. Loaded Objects now: 2280.
Total: 11.894352 ms (FindLiveObjects: 0.360693 ms CreateObjectMapping: 0.129985 ms MarkObjects: 11.377391 ms  DeleteObjects: 0.024666 ms)

AssetImportParameters requested are different than current active one (requested -> active):
  custom:video-decoder-ogg-theora: a1e56fd34408186e4bbccfd4996cb3dc -> 
  custom:container-muxer-webm: aa71ff27fc2769a1b78a27578f13a17b -> 
  custom:container-demuxer-webm: 4f35f7cbe854078d1ac9338744f61a02 -> 
  custom:container-demuxer-ogg: 62fdf1f143b41e24485cea50d1cbac27 -> 
  custom:video-encoder-webm-vp8: eb34c28f22e8b96e1ab97ce403110664 -> 
  custom:framework-osx-AVFoundation: b23960f63f64bdc6ff669e2cdcee2391 -> 
  custom:video-decoder-webm-vp8: 9c59270c3fd7afecdb556c50c9e8de78 -> 
  custom:audio-decoder-ogg-vorbis: bf7c407c2cedff20999df2af8eb42d56 -> 
  custom:audio-encoder-webm-vorbis: bf7c407c2cedff20999df2af8eb42d56 -> 
========================================================================
Received Import Request.
  Time since last request: 282.340543 seconds.
  path: Assets/Scripts/PlayerMovement.cs
  artifactKey: Guid(941e1fd32c00b4c55ba2e62a5d0d573e) Importer(815301076,1909f56bfc062723c751e8b465ee728b)
Start importing Assets/Scripts/PlayerMovement.cs using Guid(941e1fd32c00b4c55ba2e62a5d0d573e) Importer(815301076,1909f56bfc062723c751e8b465ee728b)  -> (artifact id: 'da12e77d5d3b5c433f123495269b1197') in 0.035328 seconds 
  Import took 0.049697 seconds .

========================================================================
Received Prepare
Registering precompiled user dll's ...
Registered in 0.001930 seconds.
Begin MonoManager ReloadAssembly
Native extension for OSXStandalone target not found
Refreshing native plugins compatible for Editor in 0.59 ms, found 2 plugins.
Preloading 0 native plugins for Editor in 0.00 ms.
Mono: successfully reloaded assembly
- Completed reload, in  1.429 seconds
Domain Reload Profiling:
	ReloadAssembly (1429ms)
		BeginReloadAssembly (157ms)
			ExecutionOrderSort (0ms)
			DisableScriptedObjects (8ms)
			BackupInstance (0ms)
			ReleaseScriptingObjects (0ms)
			CreateAndSetChildDomain (78ms)
		EndReloadAssembly (1186ms)
			LoadAssemblies (87ms)
			RebuildTransferFunctionScriptingTraits (0ms)
			SetupTypeCache (435ms)
			ReleaseScriptCaches (1ms)
			RebuildScriptCaches (64ms)
			SetupLoadedEditorAssemblies (427ms)
				LogAssemblyErrors (0ms)
				InitializePlatformSupportModulesInManaged (5ms)
				SetLoadedEditorAssemblies (1ms)
				RefreshPlugins (1ms)
				BeforeProcessingInitializeOnLoad (133ms)
				ProcessInitializeOnLoadAttributes (278ms)
				ProcessInitializeOnLoadMethodAttributes (9ms)
				AfterProcessingInitializeOnLoad (2ms)
				EditorAssembliesLoaded (0ms)
			ExecutionOrderSort2 (0ms)
			AwakeInstancesAfterBackupRestoration (9ms)
Platform modules already initialized, skipping
Refreshing native plugins compatible for Editor in 0.41 ms, found 2 plugins.
Preloading 0 native plugins for Editor in 0.00 ms.
Unloading 1789 Unused Serialized files (Serialized files now loaded: 0)
System memory in use before: 182.6 MB.
System memory in use after: 182.7 MB.

Unloading 12 unused Assets to reduce memory usage. Loaded Objects now: 2283.
Total: 3.448279 ms (FindLiveObjects: 0.240555 ms CreateObjectMapping: 0.078369 ms MarkObjects: 3.094448 ms  DeleteObjects: 0.033696 ms)

AssetImportParameters requested are different than current active one (requested -> active):
  custom:video-decoder-ogg-theora: a1e56fd34408186e4bbccfd4996cb3dc -> 
  custom:container-muxer-webm: aa71ff27fc2769a1b78a27578f13a17b -> 
  custom:container-demuxer-webm: 4f35f7cbe854078d1ac9338744f61a02 -> 
  custom:container-demuxer-ogg: 62fdf1f143b41e24485cea50d1cbac27 -> 
  custom:video-encoder-webm-vp8: eb34c28f22e8b96e1ab97ce403110664 -> 
  custom:framework-osx-AVFoundation: b23960f63f64bdc6ff669e2cdcee2391 -> 
  custom:video-decoder-webm-vp8: 9c59270c3fd7afecdb556c50c9e8de78 -> 
  custom:audio-decoder-ogg-vorbis: bf7c407c2cedff20999df2af8eb42d56 -> 
  custom:audio-encoder-webm-vorbis: bf7c407c2cedff20999df2af8eb42d56 -> 
========================================================================
Received Prepare
Registering precompiled user dll's ...
Registered in 0.005643 seconds.
Begin MonoManager ReloadAssembly
Native extension for OSXStandalone target not found
Refreshing native plugins compatible for Editor in 0.46 ms, found 2 plugins.
Preloading 0 native plugins for Editor in 0.00 ms.
Mono: successfully reloaded assembly
- Completed reload, in  1.728 seconds
Domain Reload Profiling:
	ReloadAssembly (1728ms)
		BeginReloadAssembly (171ms)
			ExecutionOrderSort (0ms)
			DisableScriptedObjects (8ms)
			BackupInstance (0ms)
			ReleaseScriptingObjects (0ms)
			CreateAndSetChildDomain (81ms)
		EndReloadAssembly (1471ms)
			LoadAssemblies (339ms)
			RebuildTransferFunctionScriptingTraits (0ms)
			SetupTypeCache (430ms)
			ReleaseScriptCaches (1ms)
			RebuildScriptCaches (74ms)
			SetupLoadedEditorAssemblies (446ms)
				LogAssemblyErrors (0ms)
				InitializePlatformSupportModulesInManaged (5ms)
				SetLoadedEditorAssemblies (1ms)
				RefreshPlugins (0ms)
				BeforeProcessingInitializeOnLoad (134ms)
				ProcessInitializeOnLoadAttributes (294ms)
				ProcessInitializeOnLoadMethodAttributes (10ms)
				AfterProcessingInitializeOnLoad (1ms)
				EditorAssembliesLoaded (0ms)
			ExecutionOrderSort2 (0ms)
			AwakeInstancesAfterBackupRestoration (9ms)
Platform modules already initialized, skipping
Refreshing native plugins compatible for Editor in 0.42 ms, found 2 plugins.
Preloading 0 native plugins for Editor in 0.00 ms.
Unloading 1789 Unused Serialized files (Serialized files now loaded: 0)
System memory in use before: 182.9 MB.
System memory in use after: 183.0 MB.

Unloading 11 unused Assets to reduce memory usage. Loaded Objects now: 2285.
Total: 3.747839 ms (FindLiveObjects: 0.599367 ms CreateObjectMapping: 0.131258 ms MarkObjects: 2.995859 ms  DeleteObjects: 0.019403 ms)

AssetImportParameters requested are different than current active one (requested -> active):
  custom:video-decoder-ogg-theora: a1e56fd34408186e4bbccfd4996cb3dc -> 
  custom:container-muxer-webm: aa71ff27fc2769a1b78a27578f13a17b -> 
  custom:container-demuxer-webm: 4f35f7cbe854078d1ac9338744f61a02 -> 
  custom:container-demuxer-ogg: 62fdf1f143b41e24485cea50d1cbac27 -> 
  custom:video-encoder-webm-vp8: eb34c28f22e8b96e1ab97ce403110664 -> 
  custom:framework-osx-AVFoundation: b23960f63f64bdc6ff669e2cdcee2391 -> 
  custom:video-decoder-webm-vp8: 9c59270c3fd7afecdb556c50c9e8de78 -> 
  custom:audio-decoder-ogg-vorbis: bf7c407c2cedff20999df2af8eb42d56 -> 
  custom:audio-encoder-webm-vorbis: bf7c407c2cedff20999df2af8eb42d56 -> 
========================================================================
Received Prepare
Registering precompiled user dll's ...
Registered in 0.141109 seconds.
Begin MonoManager ReloadAssembly
Native extension for OSXStandalone target not found
Refreshing native plugins compatible for Editor in 0.91 ms, found 2 plugins.
Preloading 0 native plugins for Editor in 0.00 ms.
Mono: successfully reloaded assembly
- Completed reload, in  4.475 seconds
Domain Reload Profiling:
	ReloadAssembly (4488ms)
		BeginReloadAssembly (1421ms)
			ExecutionOrderSort (0ms)
			DisableScriptedObjects (34ms)
			BackupInstance (0ms)
			ReleaseScriptingObjects (1ms)
			CreateAndSetChildDomain (879ms)
		EndReloadAssembly (2520ms)
			LoadAssemblies (770ms)
			RebuildTransferFunctionScriptingTraits (23ms)
			SetupTypeCache (856ms)
			ReleaseScriptCaches (24ms)
			RebuildScriptCaches (82ms)
			SetupLoadedEditorAssemblies (824ms)
				LogAssemblyErrors (0ms)
				InitializePlatformSupportModulesInManaged (16ms)
				SetLoadedEditorAssemblies (1ms)
				RefreshPlugins (1ms)
				BeforeProcessingInitializeOnLoad (219ms)
				ProcessInitializeOnLoadAttributes (571ms)
				ProcessInitializeOnLoadMethodAttributes (13ms)
				AfterProcessingInitializeOnLoad (2ms)
				EditorAssembliesLoaded (2ms)
			ExecutionOrderSort2 (0ms)
			AwakeInstancesAfterBackupRestoration (12ms)
Platform modules already initialized, skipping
Refreshing native plugins compatible for Editor in 0.49 ms, found 2 plugins.
Preloading 0 native plugins for Editor in 0.00 ms.
Unloading 1789 Unused Serialized files (Serialized files now loaded: 0)
System memory in use before: 183.1 MB.
System memory in use after: 183.2 MB.

Unloading 11 unused Assets to reduce memory usage. Loaded Objects now: 2287.
Total: 3.817371 ms (FindLiveObjects: 0.314057 ms CreateObjectMapping: 0.066859 ms MarkObjects: 3.399121 ms  DeleteObjects: 0.036248 ms)

AssetImportParameters requested are different than current active one (requested -> active):
  custom:video-decoder-ogg-theora: a1e56fd34408186e4bbccfd4996cb3dc -> 
  custom:container-muxer-webm: aa71ff27fc2769a1b78a27578f13a17b -> 
  custom:container-demuxer-webm: 4f35f7cbe854078d1ac9338744f61a02 -> 
  custom:container-demuxer-ogg: 62fdf1f143b41e24485cea50d1cbac27 -> 
  custom:video-encoder-webm-vp8: eb34c28f22e8b96e1ab97ce403110664 -> 
  custom:framework-osx-AVFoundation: b23960f63f64bdc6ff669e2cdcee2391 -> 
  custom:video-decoder-webm-vp8: 9c59270c3fd7afecdb556c50c9e8de78 -> 
  custom:audio-decoder-ogg-vorbis: bf7c407c2cedff20999df2af8eb42d56 -> 
  custom:audio-encoder-webm-vorbis: bf7c407c2cedff20999df2af8eb42d56 -> 
========================================================================
Received Import Request.
  Time since last request: 1018.555395 seconds.
  path: Assets/Resources/RoomLights.prefab
  artifactKey: Guid(1c7786a6943504c6f8ec8d28c52300bb) Importer(815301076,1909f56bfc062723c751e8b465ee728b)
Start importing Assets/Resources/RoomLights.prefab using Guid(1c7786a6943504c6f8ec8d28c52300bb) Importer(815301076,1909f56bfc062723c751e8b465ee728b)  -> (artifact id: '5da5cfeaa3fd5c45b67f10490b46b8c3') in 1.562775 seconds 
  Import took 1.833800 seconds .

========================================================================
Received Prepare
Registering precompiled user dll's ...
Registered in 0.013970 seconds.
Begin MonoManager ReloadAssembly
Native extension for OSXStandalone target not found
Refreshing native plugins compatible for Editor in 0.56 ms, found 2 plugins.
Preloading 0 native plugins for Editor in 0.00 ms.
Mono: successfully reloaded assembly
- Completed reload, in  3.517 seconds
Domain Reload Profiling:
	ReloadAssembly (3535ms)
		BeginReloadAssembly (961ms)
			ExecutionOrderSort (0ms)
			DisableScriptedObjects (62ms)
			BackupInstance (0ms)
			ReleaseScriptingObjects (0ms)
			CreateAndSetChildDomain (405ms)
		EndReloadAssembly (2345ms)
			LoadAssemblies (573ms)
			RebuildTransferFunctionScriptingTraits (9ms)
			SetupTypeCache (821ms)
			ReleaseScriptCaches (1ms)
			RebuildScriptCaches (84ms)
			SetupLoadedEditorAssemblies (863ms)
				LogAssemblyErrors (0ms)
				InitializePlatformSupportModulesInManaged (28ms)
				SetLoadedEditorAssemblies (1ms)
				RefreshPlugins (1ms)
				BeforeProcessingInitializeOnLoad (217ms)
				ProcessInitializeOnLoadAttributes (580ms)
				ProcessInitializeOnLoadMethodAttributes (29ms)
				AfterProcessingInitializeOnLoad (3ms)
				EditorAssembliesLoaded (5ms)
			ExecutionOrderSort2 (0ms)
			AwakeInstancesAfterBackupRestoration (19ms)
Platform modules already initialized, skipping
Refreshing native plugins compatible for Editor in 0.60 ms, found 2 plugins.
Preloading 0 native plugins for Editor in 0.00 ms.
Unloading 1789 Unused Serialized files (Serialized files now loaded: 0)
System memory in use before: 187.5 MB.
System memory in use after: 187.6 MB.

Unloading 11 unused Assets to reduce memory usage. Loaded Objects now: 2289.
Total: 5.361350 ms (FindLiveObjects: 0.422281 ms CreateObjectMapping: 0.087191 ms MarkObjects: 4.806326 ms  DeleteObjects: 0.043826 ms)

AssetImportParameters requested are different than current active one (requested -> active):
  custom:video-decoder-ogg-theora: a1e56fd34408186e4bbccfd4996cb3dc -> 
  custom:container-muxer-webm: aa71ff27fc2769a1b78a27578f13a17b -> 
  custom:container-demuxer-webm: 4f35f7cbe854078d1ac9338744f61a02 -> 
  custom:container-demuxer-ogg: 62fdf1f143b41e24485cea50d1cbac27 -> 
  custom:video-encoder-webm-vp8: eb34c28f22e8b96e1ab97ce403110664 -> 
  custom:framework-osx-AVFoundation: b23960f63f64bdc6ff669e2cdcee2391 -> 
  custom:video-decoder-webm-vp8: 9c59270c3fd7afecdb556c50c9e8de78 -> 
  custom:audio-decoder-ogg-vorbis: bf7c407c2cedff20999df2af8eb42d56 -> 
  custom:audio-encoder-webm-vorbis: bf7c407c2cedff20999df2af8eb42d56 -> 
========================================================================
Received Import Request.
  Time since last request: 546.349251 seconds.
  path: Assets/Sprites/Screen Shot 2021-12-28 at 11.02.05 PM.jpg
  artifactKey: Guid(a581ebd778f7d4529849b3eb6641e244) Importer(815301076,1909f56bfc062723c751e8b465ee728b)
Start importing Assets/Sprites/Screen Shot 2021-12-28 at 11.02.05 PM.jpg using Guid(a581ebd778f7d4529849b3eb6641e244) Importer(815301076,1909f56bfc062723c751e8b465ee728b)  -> (artifact id: '659a2c69dfbd0c0563f02e7a343a810c') in 1.294199 seconds 
  Import took 1.299161 seconds .

========================================================================
Received Import Request.
  Time since last request: 43.322913 seconds.
  path: Assets/Sprites/Classic Beige.jpg
  artifactKey: Guid(a581ebd778f7d4529849b3eb6641e244) Importer(815301076,1909f56bfc062723c751e8b465ee728b)
Start importing Assets/Sprites/Classic Beige.jpg using Guid(a581ebd778f7d4529849b3eb6641e244) Importer(815301076,1909f56bfc062723c751e8b465ee728b)  -> (artifact id: '91f6be6775fa5c762dfd5b783d95d657') in 0.030600 seconds 
  Import took 0.043250 seconds .

========================================================================
Received Import Request.
  Time since last request: 44.827858 seconds.
  path: Assets/Resources/Tiles/ClassicBeige Tile.prefab
  artifactKey: Guid(678790a59ebf54c4abc7d40fa2d2908e) Importer(815301076,1909f56bfc062723c751e8b465ee728b)
Start importing Assets/Resources/Tiles/ClassicBeige Tile.prefab using Guid(678790a59ebf54c4abc7d40fa2d2908e) Importer(815301076,1909f56bfc062723c751e8b465ee728b)  -> (artifact id: 'ca0c65d4f3bb76e878635c71f64d6024') in 0.179725 seconds 
  Import took 0.183661 seconds .

========================================================================
Received Import Request.
  Time since last request: 594.797314 seconds.
  path: Assets/Simple_Day_and_Night_Cycle/Prefabs/ClockObject.prefab
  artifactKey: Guid(4404dc86a617bc64fb8d5cd6ad74a06a) Importer(815301076,1909f56bfc062723c751e8b465ee728b)
Start importing Assets/Simple_Day_and_Night_Cycle/Prefabs/ClockObject.prefab using Guid(4404dc86a617bc64fb8d5cd6ad74a06a) Importer(815301076,1909f56bfc062723c751e8b465ee728b)  -> (artifact id: '34f67165397404b8644ca2442ad34c44') in 1.559445 seconds 
  Import took 1.574367 seconds .

========================================================================
Received Import Request.
  Time since last request: 0.000275 seconds.
  path: Assets/Simple_Day_and_Night_Cycle/Prefabs/StarDome.prefab
  artifactKey: Guid(c17318e7a561ef94290fd1f3ef9102d4) Importer(815301076,1909f56bfc062723c751e8b465ee728b)
Start importing Assets/Simple_Day_and_Night_Cycle/Prefabs/StarDome.prefab using Guid(c17318e7a561ef94290fd1f3ef9102d4) Importer(815301076,1909f56bfc062723c751e8b465ee728b)  -> (artifact id: 'a112533cd1320aacb24342e32d1de51b') in 0.035301 seconds 
  Import took 0.038941 seconds .

========================================================================
Received Import Request.
  Time since last request: 0.000374 seconds.
  path: Assets/Simple_Day_and_Night_Cycle/Prefabs/SimpleTerrain.prefab
  artifactKey: Guid(d3b7a22f4199d714d9e8e92227c237d1) Importer(815301076,1909f56bfc062723c751e8b465ee728b)
Start importing Assets/Simple_Day_and_Night_Cycle/Prefabs/SimpleTerrain.prefab using Guid(d3b7a22f4199d714d9e8e92227c237d1) Importer(815301076,1909f56bfc062723c751e8b465ee728b)  -> (artifact id: 'd958950e9101c85a90bc73250d9d8393') in 0.043104 seconds 
  Import took 0.054431 seconds .

========================================================================
Received Import Request.
  Time since last request: 0.000251 seconds.
  path: Assets/Simple_Day_and_Night_Cycle/Prefabs/Day and Night Controller.prefab
  artifactKey: Guid(1dce2846dc915b44ea1a12401fe517e1) Importer(815301076,1909f56bfc062723c751e8b465ee728b)
Start importing Assets/Simple_Day_and_Night_Cycle/Prefabs/Day and Night Controller.prefab using Guid(1dce2846dc915b44ea1a12401fe517e1) Importer(815301076,1909f56bfc062723c751e8b465ee728b)  -> (artifact id: '39cdd2ac303bf9f9c535700954dab30a') in 0.168838 seconds 
  Import took 0.172815 seconds .

========================================================================
Received Import Request.
  Time since last request: 0.000333 seconds.
  path: Assets/Simple_Day_and_Night_Cycle/Prefabs/Lighting Fixer.prefab
  artifactKey: Guid(a827bb426f045b94e9c9df2b01ced5de) Importer(815301076,1909f56bfc062723c751e8b465ee728b)
Start importing Assets/Simple_Day_and_Night_Cycle/Prefabs/Lighting Fixer.prefab using Guid(a827bb426f045b94e9c9df2b01ced5de) Importer(815301076,1909f56bfc062723c751e8b465ee728b)  -> (artifact id: 'ca58389fa1902bb2013b4b69bf9649a0') in 0.003836 seconds 
  Import took 0.007149 seconds .

========================================================================
Received Import Request.
  Time since last request: 28.625717 seconds.
  path: Assets/Simple_Day_and_Night_Cycle/Prefabs/Day and Night Controller.prefab
  artifactKey: Guid(1dce2846dc915b44ea1a12401fe517e1) Importer(815301076,1909f56bfc062723c751e8b465ee728b)
Start importing Assets/Simple_Day_and_Night_Cycle/Prefabs/Day and Night Controller.prefab using Guid(1dce2846dc915b44ea1a12401fe517e1) Importer(815301076,1909f56bfc062723c751e8b465ee728b)  -> (artifact id: '4fdf2f28b07f7b5fd9cd0e628453d23c') in 0.038395 seconds 
  Import took 0.044143 seconds .

========================================================================
Received Import Request.
  Time since last request: 5.767471 seconds.
  path: Assets/Simple_Day_and_Night_Cycle/Prefabs/Day and Night Controller.prefab
  artifactKey: Guid(1dce2846dc915b44ea1a12401fe517e1) Importer(815301076,1909f56bfc062723c751e8b465ee728b)
Start importing Assets/Simple_Day_and_Night_Cycle/Prefabs/Day and Night Controller.prefab using Guid(1dce2846dc915b44ea1a12401fe517e1) Importer(815301076,1909f56bfc062723c751e8b465ee728b)  -> (artifact id: '2040479b5b14d06a16525bc79e12fff7') in 0.033734 seconds 
  Import took 0.044320 seconds .

========================================================================
Received Import Request.
  Time since last request: 0.768097 seconds.
  path: Assets/Simple_Day_and_Night_Cycle/Prefabs/Day and Night Controller.prefab
  artifactKey: Guid(1dce2846dc915b44ea1a12401fe517e1) Importer(815301076,1909f56bfc062723c751e8b465ee728b)
Start importing Assets/Simple_Day_and_Night_Cycle/Prefabs/Day and Night Controller.prefab using Guid(1dce2846dc915b44ea1a12401fe517e1) Importer(815301076,1909f56bfc062723c751e8b465ee728b)  -> (artifact id: '4ffc1e7dbeda1b27f757fb121406ca0d') in 0.022665 seconds 
  Import took 0.031070 seconds .

========================================================================
Received Import Request.
  Time since last request: 5.836841 seconds.
  path: Assets/Simple_Day_and_Night_Cycle/Prefabs/Day and Night Controller.prefab
  artifactKey: Guid(1dce2846dc915b44ea1a12401fe517e1) Importer(815301076,1909f56bfc062723c751e8b465ee728b)
Start importing Assets/Simple_Day_and_Night_Cycle/Prefabs/Day and Night Controller.prefab using Guid(1dce2846dc915b44ea1a12401fe517e1) Importer(815301076,1909f56bfc062723c751e8b465ee728b)  -> (artifact id: '9d3304ba5bded60e54ca0d693b97ebd3') in 0.034217 seconds 
  Import took 0.042118 seconds .

========================================================================
Received Prepare
Registering precompiled user dll's ...
Registered in 0.014719 seconds.
Begin MonoManager ReloadAssembly
Native extension for OSXStandalone target not found
Refreshing native plugins compatible for Editor in 0.52 ms, found 2 plugins.
Preloading 0 native plugins for Editor in 0.00 ms.
Mono: successfully reloaded assembly
- Completed reload, in  4.101 seconds
Domain Reload Profiling:
	ReloadAssembly (4188ms)
		BeginReloadAssembly (1212ms)
			ExecutionOrderSort (0ms)
			DisableScriptedObjects (242ms)
			BackupInstance (0ms)
			ReleaseScriptingObjects (1ms)
			CreateAndSetChildDomain (450ms)
		EndReloadAssembly (2704ms)
			LoadAssemblies (673ms)
			RebuildTransferFunctionScriptingTraits (10ms)
			SetupTypeCache (715ms)
			ReleaseScriptCaches (2ms)
			RebuildScriptCaches (86ms)
			SetupLoadedEditorAssemblies (1093ms)
				LogAssemblyErrors (0ms)
				InitializePlatformSupportModulesInManaged (19ms)
				SetLoadedEditorAssemblies (1ms)
				RefreshPlugins (5ms)
				BeforeProcessingInitializeOnLoad (502ms)
				ProcessInitializeOnLoadAttributes (548ms)
				ProcessInitializeOnLoadMethodAttributes (13ms)
				AfterProcessingInitializeOnLoad (3ms)
				EditorAssembliesLoaded (2ms)
			ExecutionOrderSort2 (0ms)
			AwakeInstancesAfterBackupRestoration (14ms)
Platform modules already initialized, skipping
Refreshing native plugins compatible for Editor in 0.88 ms, found 2 plugins.
Preloading 0 native plugins for Editor in 0.00 ms.
Unloading 1789 Unused Serialized files (Serialized files now loaded: 0)
System memory in use before: 193.0 MB.
System memory in use after: 193.1 MB.

Unloading 11 unused Assets to reduce memory usage. Loaded Objects now: 2306.
Total: 20.131599 ms (FindLiveObjects: 5.743184 ms CreateObjectMapping: 0.313695 ms MarkObjects: 14.014518 ms  DeleteObjects: 0.058264 ms)

AssetImportParameters requested are different than current active one (requested -> active):
  custom:video-decoder-ogg-theora: a1e56fd34408186e4bbccfd4996cb3dc -> 
  custom:container-muxer-webm: aa71ff27fc2769a1b78a27578f13a17b -> 
  custom:container-demuxer-webm: 4f35f7cbe854078d1ac9338744f61a02 -> 
  custom:container-demuxer-ogg: 62fdf1f143b41e24485cea50d1cbac27 -> 
  custom:video-encoder-webm-vp8: eb34c28f22e8b96e1ab97ce403110664 -> 
  custom:framework-osx-AVFoundation: b23960f63f64bdc6ff669e2cdcee2391 -> 
  custom:video-decoder-webm-vp8: 9c59270c3fd7afecdb556c50c9e8de78 -> 
  custom:audio-decoder-ogg-vorbis: bf7c407c2cedff20999df2af8eb42d56 -> 
  custom:audio-encoder-webm-vorbis: bf7c407c2cedff20999df2af8eb42d56 -> 
========================================================================
Received Prepare
Registering precompiled user dll's ...
Registered in 0.005506 seconds.
Begin MonoManager ReloadAssembly
Native extension for OSXStandalone target not found
Refreshing native plugins compatible for Editor in 7.29 ms, found 2 plugins.
Preloading 0 native plugins for Editor in 0.00 ms.
Mono: successfully reloaded assembly
- Completed reload, in  3.954 seconds
Domain Reload Profiling:
	ReloadAssembly (3974ms)
		BeginReloadAssembly (1028ms)
			ExecutionOrderSort (0ms)
			DisableScriptedObjects (52ms)
			BackupInstance (0ms)
			ReleaseScriptingObjects (1ms)
			CreateAndSetChildDomain (543ms)
		EndReloadAssembly (2739ms)
			LoadAssemblies (548ms)
			RebuildTransferFunctionScriptingTraits (15ms)
			SetupTypeCache (1005ms)
			ReleaseScriptCaches (3ms)
			RebuildScriptCaches (85ms)
			SetupLoadedEditorAssemblies (982ms)
				LogAssemblyErrors (0ms)
				InitializePlatformSupportModulesInManaged (21ms)
				SetLoadedEditorAssemblies (3ms)
				RefreshPlugins (7ms)
				BeforeProcessingInitializeOnLoad (210ms)
				ProcessInitializeOnLoadAttributes (718ms)
				ProcessInitializeOnLoadMethodAttributes (16ms)
				AfterProcessingInitializeOnLoad (2ms)
				EditorAssembliesLoaded (4ms)
			ExecutionOrderSort2 (0ms)
			AwakeInstancesAfterBackupRestoration (13ms)
Platform modules already initialized, skipping
Refreshing native plugins compatible for Editor in 1.21 ms, found 2 plugins.
Preloading 0 native plugins for Editor in 0.00 ms.
Unloading 1789 Unused Serialized files (Serialized files now loaded: 0)
System memory in use before: 193.1 MB.
System memory in use after: 193.2 MB.

Unloading 11 unused Assets to reduce memory usage. Loaded Objects now: 2308.
Total: 5.577145 ms (FindLiveObjects: 0.296978 ms CreateObjectMapping: 0.077100 ms MarkObjects: 5.158002 ms  DeleteObjects: 0.043193 ms)

AssetImportParameters requested are different than current active one (requested -> active):
  custom:video-decoder-ogg-theora: a1e56fd34408186e4bbccfd4996cb3dc -> 
  custom:container-muxer-webm: aa71ff27fc2769a1b78a27578f13a17b -> 
  custom:container-demuxer-webm: 4f35f7cbe854078d1ac9338744f61a02 -> 
  custom:container-demuxer-ogg: 62fdf1f143b41e24485cea50d1cbac27 -> 
  custom:video-encoder-webm-vp8: eb34c28f22e8b96e1ab97ce403110664 -> 
  custom:framework-osx-AVFoundation: b23960f63f64bdc6ff669e2cdcee2391 -> 
  custom:video-decoder-webm-vp8: 9c59270c3fd7afecdb556c50c9e8de78 -> 
  custom:audio-decoder-ogg-vorbis: bf7c407c2cedff20999df2af8eb42d56 -> 
  custom:audio-encoder-webm-vorbis: bf7c407c2cedff20999df2af8eb42d56 -> 
